
> liftly-frontend@0.0.0 start
> ng serve

[33m❯[39m Building...
[32m✔[39m Building...
Application bundle generation failed. [2.247 seconds] - 2026-03-08T18:19:41.601Z

[1m[31m[31mX [41;31m[[41;97mERROR[41;31m][0m [1mTS2724: '"ngx-echarts"' has no exported member named 'provideEcharts'. Did you mean 'provideEchartsCore'?[0m [1m[35m[plugin angular-compiler][0m

    src/app/app.config.ts:3:9:
[37m      3 │ import { [32mprovideEcharts[37m } from 'ngx-echarts';
        ╵          [32m~~~~~~~~~~~~~~[0m


[31mX [41;31m[[41;97mERROR[41;31m][0m [1mTS2307: Cannot find module '../../../core/services/mock/calendar-mock.service' or its corresponding type declarations.[0m [1m[35m[plugin angular-compiler][0m

    src/app/features/calendar/calendar.ts:4:36:
[37m      4 │ ...Service } from [32m'../../../core/services/mock/calendar-mock.service'[37m;
        ╵                   [32m~~~~~~~~~~~~~~~~~~~~~~~~~~~~~~~~~~~~~~~~~~~~~~~~~~~[0m


[31mX [41;31m[[41;97mERROR[41;31m][0m [1mTS2307: Cannot find module '../../../core/services/mock/template-mock.service' or its corresponding type declarations.[0m [1m[35m[plugin angular-compiler][0m

    src/app/features/calendar/calendar.ts:5:36:
[37m      5 │ ...Service } from [32m'../../../core/services/mock/template-mock.service'[37m;
        ╵                   [32m~~~~~~~~~~~~~~~~~~~~~~~~~~~~~~~~~~~~~~~~~~~~~~~~~~~[0m


[31mX [41;31m[[41;97mERROR[41;31m][0m [1mTS2307: Cannot find module '../../../core/models/calendar-workout.interface' or its corresponding type declarations.[0m [1m[35m[plugin angular-compiler][0m

    src/app/features/calendar/calendar.ts:6:32:
[37m      6 │ ...arWorkout } from [32m'../../../core/models/calendar-workout.interface'[37m;
        ╵                     [32m~~~~~~~~~~~~~~~~~~~~~~~~~~~~~~~~~~~~~~~~~~~~~~~~~[0m


[31mX [41;31m[[41;97mERROR[41;31m][0m [1mTS2307: Cannot find module '../../../core/models/training-template.interface' or its corresponding type declarations.[0m [1m[35m[plugin angular-compiler][0m

    src/app/features/calendar/calendar.ts:7:33:
[37m      7 │ ...Template } from [32m'../../../core/models/training-template.interface'[37m;
        ╵                    [32m~~~~~~~~~~~~~~~~~~~~~~~~~~~~~~~~~~~~~~~~~~~~~~~~~~[0m


[31mX [41;31m[[41;97mERROR[41;31m][0m [1mTS2571: Object is of type 'unknown'.[0m [1m[35m[plugin angular-compiler][0m

    src/app/features/calendar/calendar.ts:45:4:
[37m      45 │     [32mthis.calendarService[37m.getWorkouts(monthStr).subscribe(workouts ...
         ╵     [32m~~~~~~~~~~~~~~~~~~~~[0m


[31mX [41;31m[[41;97mERROR[41;31m][0m [1mTS7006: Parameter 'workouts' implicitly has an 'any' type.[0m [1m[35m[plugin angular-compiler][0m

    src/app/features/calendar/calendar.ts:45:57:
[37m      45 │ ...this.calendarService.getWorkouts(monthStr).subscribe([32mworkouts[37m => {
         ╵                                                         [32m~~~~~~~~[0m


[31mX [41;31m[[41;97mERROR[41;31m][0m [1mTS2571: Object is of type 'unknown'.[0m [1m[35m[plugin angular-compiler][0m

    src/app/features/calendar/calendar.ts:52:4:
[37m      52 │     [32mthis.templateService[37m.getTemplates().subscribe(temps => {
         ╵     [32m~~~~~~~~~~~~~~~~~~~~[0m


[31mX [41;31m[[41;97mERROR[41;31m][0m [1mTS7006: Parameter 'temps' implicitly has an 'any' type.[0m [1m[35m[plugin angular-compiler][0m

    src/app/features/calendar/calendar.ts:52:50:
[37m      52 │     this.templateService.getTemplates().subscribe([32mtemps[37m => {
         ╵                                                   [32m~~~~~[0m


[31mX [41;31m[[41;97mERROR[41;31m][0m [1mTS2571: Object is of type 'unknown'.[0m [1m[35m[plugin angular-compiler][0m

    src/app/features/calendar/calendar.ts:108:6:
[37m      108 │       [32mthis.calendarService[37m.scheduleWorkout(workoutReq).subscribe({
          ╵       [32m~~~~~~~~~~~~~~~~~~~~[0m


[31mX [41;31m[[41;97mERROR[41;31m][0m [1mTS7006: Parameter 'res' implicitly has an 'any' type.[0m [1m[35m[plugin angular-compiler][0m

    src/app/features/calendar/calendar.ts:109:15:
[37m      109 │         next: ([32mres[37m) => {
          ╵                [32m~~~[0m


[31mX [41;31m[[41;97mERROR[41;31m][0m [1mTS2307: Cannot find module '../../../../core/services/mock/template-mock.service' or its corresponding type declarations.[0m [1m[35m[plugin angular-compiler][0m

    src/app/features/training/create-template/create-template.ts:4:36:
[37m      4 │ ...vice } from [32m'../../../../core/services/mock/template-mock.service'[37m;
        ╵                [32m~~~~~~~~~~~~~~~~~~~~~~~~~~~~~~~~~~~~~~~~~~~~~~~~~~~~~~[0m


[31mX [41;31m[[41;97mERROR[41;31m][0m [1mTS2307: Cannot find module '../../../../core/services/mock/exercise-mock.service' or its corresponding type declarations.[0m [1m[35m[plugin angular-compiler][0m

    src/app/features/training/create-template/create-template.ts:5:36:
[37m      5 │ ...vice } from [32m'../../../../core/services/mock/exercise-mock.service'[37m;
        ╵                [32m~~~~~~~~~~~~~~~~~~~~~~~~~~~~~~~~~~~~~~~~~~~~~~~~~~~~~~[0m


[31mX [41;31m[[41;97mERROR[41;31m][0m [1mTS2307: Cannot find module '../../../../core/models/exercise.interface' or its corresponding type declarations.[0m [1m[35m[plugin angular-compiler][0m

    src/app/features/training/create-template/create-template.ts:6:25:
[37m      6 │ import { Exercise } from [32m'../../../../core/models/exercise.interface'[37m;
        ╵                          [32m~~~~~~~~~~~~~~~~~~~~~~~~~~~~~~~~~~~~~~~~~~~~[0m


[31mX [41;31m[[41;97mERROR[41;31m][0m [1mTS2571: Object is of type 'unknown'.[0m [1m[35m[plugin angular-compiler][0m

    src/app/features/training/create-template/create-template.ts:31:4:
[37m      31 │     [32mthis.exerciseService[37m.getExercises().subscribe(exs => {
         ╵     [32m~~~~~~~~~~~~~~~~~~~~[0m


[31mX [41;31m[[41;97mERROR[41;31m][0m [1mTS7006: Parameter 'exs' implicitly has an 'any' type.[0m [1m[35m[plugin angular-compiler][0m

    src/app/features/training/create-template/create-template.ts:31:50:
[37m      31 │     this.exerciseService.getExercises().subscribe([32mexs[37m => {
         ╵                                                   [32m~~~[0m


[31mX [41;31m[[41;97mERROR[41;31m][0m [1mTS2571: Object is of type 'unknown'.[0m [1m[35m[plugin angular-compiler][0m

    src/app/features/training/create-template/create-template.ts:64:6:
[37m      64 │       [32mthis.templateService[37m.createTemplate(newTemplate).subscribe({
         ╵       [32m~~~~~~~~~~~~~~~~~~~~[0m


[31mX [41;31m[[41;97mERROR[41;31m][0m [1mTS2307: Cannot find module '../../../../core/services/mock/template-mock.service' or its corresponding type declarations.[0m [1m[35m[plugin angular-compiler][0m

    src/app/features/training/template-list/template-list.ts:4:36:
[37m      4 │ ...vice } from [32m'../../../../core/services/mock/template-mock.service'[37m;
        ╵                [32m~~~~~~~~~~~~~~~~~~~~~~~~~~~~~~~~~~~~~~~~~~~~~~~~~~~~~~[0m


[31mX [41;31m[[41;97mERROR[41;31m][0m [1mTS2307: Cannot find module '../../../../core/models/training-template.interface' or its corresponding type declarations.[0m [1m[35m[plugin angular-compiler][0m

    src/app/features/training/template-list/template-list.ts:5:33:
[37m      5 │ ...plate } from [32m'../../../../core/models/training-template.interface'[37m;
        ╵                 [32m~~~~~~~~~~~~~~~~~~~~~~~~~~~~~~~~~~~~~~~~~~~~~~~~~~~~~[0m


[31mX [41;31m[[41;97mERROR[41;31m][0m [1mTS2571: Object is of type 'unknown'.[0m [1m[35m[plugin angular-compiler][0m

    src/app/features/training/template-list/template-list.ts:19:22:
[37m      19 │     this.templates$ = [32mthis.templateService[37m.getTemplates();
         ╵                       [32m~~~~~~~~~~~~~~~~~~~~[0m


[31mX [41;31m[[41;97mERROR[41;31m][0m [1mTS2307: Cannot find module '../../../core/services/mock/weight-mock.service' or its corresponding type declarations.[0m [1m[35m[plugin angular-compiler][0m

    src/app/features/weight/weight.ts:3:34:
[37m      3 │ ...ckService } from [32m'../../../core/services/mock/weight-mock.service'[37m;
        ╵                     [32m~~~~~~~~~~~~~~~~~~~~~~~~~~~~~~~~~~~~~~~~~~~~~~~~~[0m


[31mX [41;31m[[41;97mERROR[41;31m][0m [1mTS2307: Cannot find module '../../../core/models/weight-log.interface' or its corresponding type declarations.[0m [1m[35m[plugin angular-compiler][0m

    src/app/features/weight/weight.ts:4:26:
[37m      4 │ import { WeightLog } from [32m'../../../core/models/weight-log.interface'[37m;
        ╵                           [32m~~~~~~~~~~~~~~~~~~~~~~~~~~~~~~~~~~~~~~~~~~~[0m


[31mX [41;31m[[41;97mERROR[41;31m][0m [1mTS2571: Object is of type 'unknown'.[0m [1m[35m[plugin angular-compiler][0m

    src/app/features/weight/weight.ts:40:4:
[37m      40 │     [32mthis.weightService[37m.getLogs().subscribe(logs => {
         ╵     [32m~~~~~~~~~~~~~~~~~~[0m


[31mX [41;31m[[41;97mERROR[41;31m][0m [1mTS7006: Parameter 'logs' implicitly has an 'any' type.[0m [1m[35m[plugin angular-compiler][0m

    src/app/features/weight/weight.ts:40:43:
[37m      40 │     this.weightService.getLogs().subscribe([32mlogs[37m => {
         ╵                                            [32m~~~~[0m


[31mX [41;31m[[41;97mERROR[41;31m][0m [1mTS7006: Parameter 'a' implicitly has an 'any' type.[0m [1m[35m[plugin angular-compiler][0m

    src/app/features/weight/weight.ts:41:29:
[37m      41 │       this.logs = logs.sort(([32ma[37m, b) => new Date(a.loggedDate).getTi...
         ╵                              [32m^[0m


[31mX [41;31m[[41;97mERROR[41;31m][0m [1mTS7006: Parameter 'b' implicitly has an 'any' type.[0m [1m[35m[plugin angular-compiler][0m

    src/app/features/weight/weight.ts:41:32:
[37m      41 │       this.logs = logs.sort((a, [32mb[37m) => new Date(a.loggedDate).getTi...
         ╵                                 [32m^[0m


[31mX [41;31m[[41;97mERROR[41;31m][0m [1mTS2571: Object is of type 'unknown'.[0m [1m[35m[plugin angular-compiler][0m

    src/app/features/weight/weight.ts:107:6:
[37m      107 │       [32mthis.weightService[37m.addLog(newLog).subscribe({
          ╵       [32m~~~~~~~~~~~~~~~~~~[0m


[31mX [41;31m[[41;97mERROR[41;31m][0m [1mTS7006: Parameter 'log' implicitly has an 'any' type.[0m [1m[35m[plugin angular-compiler][0m

    src/app/features/weight/weight.ts:108:15:
[37m      108 │         next: ([32mlog[37m) => {
          ╵                [32m~~~[0m


[31mX [41;31m[[41;97mERROR[41;31m][0m [1mCould not resolve "../../../core/services/mock/calendar-mock.service"[0m

    src/app/features/calendar/calendar.ts:4:36:
[37m      4 │ ...Service } from [32m'../../../core/services/mock/calendar-mock.service'[37m;
        ╵                   [32m~~~~~~~~~~~~~~~~~~~~~~~~~~~~~~~~~~~~~~~~~~~~~~~~~~~[0m


[31mX [41;31m[[41;97mERROR[41;31m][0m [1mCould not resolve "../../../core/services/mock/template-mock.service"[0m

    src/app/features/calendar/calendar.ts:5:36:
[37m      5 │ ...Service } from [32m'../../../core/services/mock/template-mock.service'[37m;
        ╵                   [32m~~~~~~~~~~~~~~~~~~~~~~~~~~~~~~~~~~~~~~~~~~~~~~~~~~~[0m


[31mX [41;31m[[41;97mERROR[41;31m][0m [1mCould not resolve "../../../../core/services/mock/template-mock.service"[0m

    src/app/features/training/create-template/create-template.ts:4:36:
[37m      4 │ ...vice } from [32m'../../../../core/services/mock/template-mock.service'[37m;
        ╵                [32m~~~~~~~~~~~~~~~~~~~~~~~~~~~~~~~~~~~~~~~~~~~~~~~~~~~~~~[0m


[31mX [41;31m[[41;97mERROR[41;31m][0m [1mCould not resolve "../../../../core/services/mock/exercise-mock.service"[0m

    src/app/features/training/create-template/create-template.ts:5:36:
[37m      5 │ ...vice } from [32m'../../../../core/services/mock/exercise-mock.service'[37m;
        ╵                [32m~~~~~~~~~~~~~~~~~~~~~~~~~~~~~~~~~~~~~~~~~~~~~~~~~~~~~~[0m


[31mX [41;31m[[41;97mERROR[41;31m][0m [1mCould not resolve "../../../../core/services/mock/template-mock.service"[0m

    src/app/features/training/template-list/template-list.ts:4:36:
[37m      4 │ ...vice } from [32m'../../../../core/services/mock/template-mock.service'[37m;
        ╵                [32m~~~~~~~~~~~~~~~~~~~~~~~~~~~~~~~~~~~~~~~~~~~~~~~~~~~~~~[0m


[31mX [41;31m[[41;97mERROR[41;31m][0m [1mCould not resolve "../../../core/services/mock/weight-mock.service"[0m

    src/app/features/weight/weight.ts:3:34:
[37m      3 │ ...ckService } from [32m'../../../core/services/mock/weight-mock.service'[37m;
        ╵                     [32m~~~~~~~~~~~~~~~~~~~~~~~~~~~~~~~~~~~~~~~~~~~~~~~~~[0m

[39m[22m
Watch mode enabled. Watching for file changes...
[33m❯[39m Changes detected. Rebuilding...
[32m✔[39m Changes detected. Rebuilding...
Application bundle generation failed. [0.906 seconds] - 2026-03-08T18:20:41.044Z

[1m[31m[31mX [41;31m[[41;97mERROR[41;31m][0m [1mTS2307: Cannot find module 'ngx-echarts/core' or its corresponding type declarations.[0m [1m[35m[plugin angular-compiler][0m

    src/app/app.config.ts:3:35:
[37m      3 │ import { provideEchartsCore } from [32m'ngx-echarts/core'[37m;
        ╵                                    [32m~~~~~~~~~~~~~~~~~~[0m


[31mX [41;31m[[41;97mERROR[41;31m][0m [1mTS2307: Cannot find module '../../../core/services/mock/calendar-mock.service' or its corresponding type declarations.[0m [1m[35m[plugin angular-compiler][0m

    src/app/features/calendar/calendar.ts:4:36:
[37m      4 │ ...Service } from [32m'../../../core/services/mock/calendar-mock.service'[37m;
        ╵                   [32m~~~~~~~~~~~~~~~~~~~~~~~~~~~~~~~~~~~~~~~~~~~~~~~~~~~[0m


[31mX [41;31m[[41;97mERROR[41;31m][0m [1mTS2307: Cannot find module '../../../core/services/mock/template-mock.service' or its corresponding type declarations.[0m [1m[35m[plugin angular-compiler][0m

    src/app/features/calendar/calendar.ts:5:36:
[37m      5 │ ...Service } from [32m'../../../core/services/mock/template-mock.service'[37m;
        ╵                   [32m~~~~~~~~~~~~~~~~~~~~~~~~~~~~~~~~~~~~~~~~~~~~~~~~~~~[0m


[31mX [41;31m[[41;97mERROR[41;31m][0m [1mTS2307: Cannot find module '../../../core/models/calendar-workout.interface' or its corresponding type declarations.[0m [1m[35m[plugin angular-compiler][0m

    src/app/features/calendar/calendar.ts:6:32:
[37m      6 │ ...arWorkout } from [32m'../../../core/models/calendar-workout.interface'[37m;
        ╵                     [32m~~~~~~~~~~~~~~~~~~~~~~~~~~~~~~~~~~~~~~~~~~~~~~~~~[0m


[31mX [41;31m[[41;97mERROR[41;31m][0m [1mTS2307: Cannot find module '../../../core/models/training-template.interface' or its corresponding type declarations.[0m [1m[35m[plugin angular-compiler][0m

    src/app/features/calendar/calendar.ts:7:33:
[37m      7 │ ...Template } from [32m'../../../core/models/training-template.interface'[37m;
        ╵                    [32m~~~~~~~~~~~~~~~~~~~~~~~~~~~~~~~~~~~~~~~~~~~~~~~~~~[0m


[31mX [41;31m[[41;97mERROR[41;31m][0m [1mTS2571: Object is of type 'unknown'.[0m [1m[35m[plugin angular-compiler][0m

    src/app/features/calendar/calendar.ts:45:4:
[37m      45 │     [32mthis.calendarService[37m.getWorkouts(monthStr).subscribe(workouts ...
         ╵     [32m~~~~~~~~~~~~~~~~~~~~[0m


[31mX [41;31m[[41;97mERROR[41;31m][0m [1mTS7006: Parameter 'workouts' implicitly has an 'any' type.[0m [1m[35m[plugin angular-compiler][0m

    src/app/features/calendar/calendar.ts:45:57:
[37m      45 │ ...this.calendarService.getWorkouts(monthStr).subscribe([32mworkouts[37m => {
         ╵                                                         [32m~~~~~~~~[0m


[31mX [41;31m[[41;97mERROR[41;31m][0m [1mTS2571: Object is of type 'unknown'.[0m [1m[35m[plugin angular-compiler][0m

    src/app/features/calendar/calendar.ts:52:4:
[37m      52 │     [32mthis.templateService[37m.getTemplates().subscribe(temps => {
         ╵     [32m~~~~~~~~~~~~~~~~~~~~[0m


[31mX [41;31m[[41;97mERROR[41;31m][0m [1mTS7006: Parameter 'temps' implicitly has an 'any' type.[0m [1m[35m[plugin angular-compiler][0m

    src/app/features/calendar/calendar.ts:52:50:
[37m      52 │     this.templateService.getTemplates().subscribe([32mtemps[37m => {
         ╵                                                   [32m~~~~~[0m


[31mX [41;31m[[41;97mERROR[41;31m][0m [1mTS2571: Object is of type 'unknown'.[0m [1m[35m[plugin angular-compiler][0m

    src/app/features/calendar/calendar.ts:108:6:
[37m      108 │       [32mthis.calendarService[37m.scheduleWorkout(workoutReq).subscribe({
          ╵       [32m~~~~~~~~~~~~~~~~~~~~[0m


[31mX [41;31m[[41;97mERROR[41;31m][0m [1mTS7006: Parameter 'res' implicitly has an 'any' type.[0m [1m[35m[plugin angular-compiler][0m

    src/app/features/calendar/calendar.ts:109:15:
[37m      109 │         next: ([32mres[37m) => {
          ╵                [32m~~~[0m


[31mX [41;31m[[41;97mERROR[41;31m][0m [1mTS2307: Cannot find module '../../../../core/services/mock/template-mock.service' or its corresponding type declarations.[0m [1m[35m[plugin angular-compiler][0m

    src/app/features/training/create-template/create-template.ts:4:36:
[37m      4 │ ...vice } from [32m'../../../../core/services/mock/template-mock.service'[37m;
        ╵                [32m~~~~~~~~~~~~~~~~~~~~~~~~~~~~~~~~~~~~~~~~~~~~~~~~~~~~~~[0m


[31mX [41;31m[[41;97mERROR[41;31m][0m [1mTS2307: Cannot find module '../../../../core/services/mock/exercise-mock.service' or its corresponding type declarations.[0m [1m[35m[plugin angular-compiler][0m

    src/app/features/training/create-template/create-template.ts:5:36:
[37m      5 │ ...vice } from [32m'../../../../core/services/mock/exercise-mock.service'[37m;
        ╵                [32m~~~~~~~~~~~~~~~~~~~~~~~~~~~~~~~~~~~~~~~~~~~~~~~~~~~~~~[0m


[31mX [41;31m[[41;97mERROR[41;31m][0m [1mTS2307: Cannot find module '../../../../core/models/exercise.interface' or its corresponding type declarations.[0m [1m[35m[plugin angular-compiler][0m

    src/app/features/training/create-template/create-template.ts:6:25:
[37m      6 │ import { Exercise } from [32m'../../../../core/models/exercise.interface'[37m;
        ╵                          [32m~~~~~~~~~~~~~~~~~~~~~~~~~~~~~~~~~~~~~~~~~~~~[0m


[31mX [41;31m[[41;97mERROR[41;31m][0m [1mTS2571: Object is of type 'unknown'.[0m [1m[35m[plugin angular-compiler][0m

    src/app/features/training/create-template/create-template.ts:31:4:
[37m      31 │     [32mthis.exerciseService[37m.getExercises().subscribe(exs => {
         ╵     [32m~~~~~~~~~~~~~~~~~~~~[0m


[31mX [41;31m[[41;97mERROR[41;31m][0m [1mTS7006: Parameter 'exs' implicitly has an 'any' type.[0m [1m[35m[plugin angular-compiler][0m

    src/app/features/training/create-template/create-template.ts:31:50:
[37m      31 │     this.exerciseService.getExercises().subscribe([32mexs[37m => {
         ╵                                                   [32m~~~[0m


[31mX [41;31m[[41;97mERROR[41;31m][0m [1mTS2571: Object is of type 'unknown'.[0m [1m[35m[plugin angular-compiler][0m

    src/app/features/training/create-template/create-template.ts:64:6:
[37m      64 │       [32mthis.templateService[37m.createTemplate(newTemplate).subscribe({
         ╵       [32m~~~~~~~~~~~~~~~~~~~~[0m


[31mX [41;31m[[41;97mERROR[41;31m][0m [1mTS2307: Cannot find module '../../../../core/services/mock/template-mock.service' or its corresponding type declarations.[0m [1m[35m[plugin angular-compiler][0m

    src/app/features/training/template-list/template-list.ts:4:36:
[37m      4 │ ...vice } from [32m'../../../../core/services/mock/template-mock.service'[37m;
        ╵                [32m~~~~~~~~~~~~~~~~~~~~~~~~~~~~~~~~~~~~~~~~~~~~~~~~~~~~~~[0m


[31mX [41;31m[[41;97mERROR[41;31m][0m [1mTS2307: Cannot find module '../../../../core/models/training-template.interface' or its corresponding type declarations.[0m [1m[35m[plugin angular-compiler][0m

    src/app/features/training/template-list/template-list.ts:5:33:
[37m      5 │ ...plate } from [32m'../../../../core/models/training-template.interface'[37m;
        ╵                 [32m~~~~~~~~~~~~~~~~~~~~~~~~~~~~~~~~~~~~~~~~~~~~~~~~~~~~~[0m


[31mX [41;31m[[41;97mERROR[41;31m][0m [1mTS2571: Object is of type 'unknown'.[0m [1m[35m[plugin angular-compiler][0m

    src/app/features/training/template-list/template-list.ts:19:22:
[37m      19 │     this.templates$ = [32mthis.templateService[37m.getTemplates();
         ╵                       [32m~~~~~~~~~~~~~~~~~~~~[0m


[31mX [41;31m[[41;97mERROR[41;31m][0m [1mTS2307: Cannot find module '../../../core/services/mock/weight-mock.service' or its corresponding type declarations.[0m [1m[35m[plugin angular-compiler][0m

    src/app/features/weight/weight.ts:3:34:
[37m      3 │ ...ckService } from [32m'../../../core/services/mock/weight-mock.service'[37m;
        ╵                     [32m~~~~~~~~~~~~~~~~~~~~~~~~~~~~~~~~~~~~~~~~~~~~~~~~~[0m


[31mX [41;31m[[41;97mERROR[41;31m][0m [1mTS2307: Cannot find module '../../../core/models/weight-log.interface' or its corresponding type declarations.[0m [1m[35m[plugin angular-compiler][0m

    src/app/features/weight/weight.ts:4:26:
[37m      4 │ import { WeightLog } from [32m'../../../core/models/weight-log.interface'[37m;
        ╵                           [32m~~~~~~~~~~~~~~~~~~~~~~~~~~~~~~~~~~~~~~~~~~~[0m


[31mX [41;31m[[41;97mERROR[41;31m][0m [1mTS2571: Object is of type 'unknown'.[0m [1m[35m[plugin angular-compiler][0m

    src/app/features/weight/weight.ts:40:4:
[37m      40 │     [32mthis.weightService[37m.getLogs().subscribe(logs => {
         ╵     [32m~~~~~~~~~~~~~~~~~~[0m


[31mX [41;31m[[41;97mERROR[41;31m][0m [1mTS7006: Parameter 'logs' implicitly has an 'any' type.[0m [1m[35m[plugin angular-compiler][0m

    src/app/features/weight/weight.ts:40:43:
[37m      40 │     this.weightService.getLogs().subscribe([32mlogs[37m => {
         ╵                                            [32m~~~~[0m


[31mX [41;31m[[41;97mERROR[41;31m][0m [1mTS7006: Parameter 'a' implicitly has an 'any' type.[0m [1m[35m[plugin angular-compiler][0m

    src/app/features/weight/weight.ts:41:29:
[37m      41 │       this.logs = logs.sort(([32ma[37m, b) => new Date(a.loggedDate).getTi...
         ╵                              [32m^[0m


[31mX [41;31m[[41;97mERROR[41;31m][0m [1mTS7006: Parameter 'b' implicitly has an 'any' type.[0m [1m[35m[plugin angular-compiler][0m

    src/app/features/weight/weight.ts:41:32:
[37m      41 │       this.logs = logs.sort((a, [32mb[37m) => new Date(a.loggedDate).getTi...
         ╵                                 [32m^[0m


[31mX [41;31m[[41;97mERROR[41;31m][0m [1mTS2571: Object is of type 'unknown'.[0m [1m[35m[plugin angular-compiler][0m

    src/app/features/weight/weight.ts:107:6:
[37m      107 │       [32mthis.weightService[37m.addLog(newLog).subscribe({
          ╵       [32m~~~~~~~~~~~~~~~~~~[0m


[31mX [41;31m[[41;97mERROR[41;31m][0m [1mTS7006: Parameter 'log' implicitly has an 'any' type.[0m [1m[35m[plugin angular-compiler][0m

    src/app/features/weight/weight.ts:108:15:
[37m      108 │         next: ([32mlog[37m) => {
          ╵                [32m~~~[0m


[31mX [41;31m[[41;97mERROR[41;31m][0m [1mCould not resolve "../../../core/services/mock/calendar-mock.service"[0m

    src/app/features/calendar/calendar.ts:4:36:
[37m      4 │ ...Service } from [32m'../../../core/services/mock/calendar-mock.service'[37m;
        ╵                   [32m~~~~~~~~~~~~~~~~~~~~~~~~~~~~~~~~~~~~~~~~~~~~~~~~~~~[0m


[31mX [41;31m[[41;97mERROR[41;31m][0m [1mCould not resolve "../../../core/services/mock/template-mock.service"[0m

    src/app/features/calendar/calendar.ts:5:36:
[37m      5 │ ...Service } from [32m'../../../core/services/mock/template-mock.service'[37m;
        ╵                   [32m~~~~~~~~~~~~~~~~~~~~~~~~~~~~~~~~~~~~~~~~~~~~~~~~~~~[0m


[31mX [41;31m[[41;97mERROR[41;31m][0m [1mCould not resolve "../../../../core/services/mock/template-mock.service"[0m

    src/app/features/training/create-template/create-template.ts:4:36:
[37m      4 │ ...vice } from [32m'../../../../core/services/mock/template-mock.service'[37m;
        ╵                [32m~~~~~~~~~~~~~~~~~~~~~~~~~~~~~~~~~~~~~~~~~~~~~~~~~~~~~~[0m


[31mX [41;31m[[41;97mERROR[41;31m][0m [1mCould not resolve "../../../../core/services/mock/exercise-mock.service"[0m

    src/app/features/training/create-template/create-template.ts:5:36:
[37m      5 │ ...vice } from [32m'../../../../core/services/mock/exercise-mock.service'[37m;
        ╵                [32m~~~~~~~~~~~~~~~~~~~~~~~~~~~~~~~~~~~~~~~~~~~~~~~~~~~~~~[0m


[31mX [41;31m[[41;97mERROR[41;31m][0m [1mCould not resolve "../../../../core/services/mock/template-mock.service"[0m

    src/app/features/training/template-list/template-list.ts:4:36:
[37m      4 │ ...vice } from [32m'../../../../core/services/mock/template-mock.service'[37m;
        ╵                [32m~~~~~~~~~~~~~~~~~~~~~~~~~~~~~~~~~~~~~~~~~~~~~~~~~~~~~~[0m


[31mX [41;31m[[41;97mERROR[41;31m][0m [1mCould not resolve "../../../core/services/mock/weight-mock.service"[0m

    src/app/features/weight/weight.ts:3:34:
[37m      3 │ ...ckService } from [32m'../../../core/services/mock/weight-mock.service'[37m;
        ╵                     [32m~~~~~~~~~~~~~~~~~~~~~~~~~~~~~~~~~~~~~~~~~~~~~~~~~[0m

[39m[22m
[33m❯[39m Changes detected. Rebuilding...
[32m✔[39m Changes detected. Rebuilding...
Application bundle generation failed. [0.111 seconds] - 2026-03-08T18:20:48.716Z

[1m[31m[31mX [41;31m[[41;97mERROR[41;31m][0m [1mTS2307: Cannot find module '../../../core/services/mock/calendar-mock.service' or its corresponding type declarations.[0m [1m[35m[plugin angular-compiler][0m

    src/app/features/calendar/calendar.ts:4:36:
[37m      4 │ ...Service } from [32m'../../../core/services/mock/calendar-mock.service'[37m;
        ╵                   [32m~~~~~~~~~~~~~~~~~~~~~~~~~~~~~~~~~~~~~~~~~~~~~~~~~~~[0m


[31mX [41;31m[[41;97mERROR[41;31m][0m [1mTS2307: Cannot find module '../../../core/services/mock/template-mock.service' or its corresponding type declarations.[0m [1m[35m[plugin angular-compiler][0m

    src/app/features/calendar/calendar.ts:5:36:
[37m      5 │ ...Service } from [32m'../../../core/services/mock/template-mock.service'[37m;
        ╵                   [32m~~~~~~~~~~~~~~~~~~~~~~~~~~~~~~~~~~~~~~~~~~~~~~~~~~~[0m


[31mX [41;31m[[41;97mERROR[41;31m][0m [1mTS2307: Cannot find module '../../../core/models/calendar-workout.interface' or its corresponding type declarations.[0m [1m[35m[plugin angular-compiler][0m

    src/app/features/calendar/calendar.ts:6:32:
[37m      6 │ ...arWorkout } from [32m'../../../core/models/calendar-workout.interface'[37m;
        ╵                     [32m~~~~~~~~~~~~~~~~~~~~~~~~~~~~~~~~~~~~~~~~~~~~~~~~~[0m


[31mX [41;31m[[41;97mERROR[41;31m][0m [1mTS2307: Cannot find module '../../../core/models/training-template.interface' or its corresponding type declarations.[0m [1m[35m[plugin angular-compiler][0m

    src/app/features/calendar/calendar.ts:7:33:
[37m      7 │ ...Template } from [32m'../../../core/models/training-template.interface'[37m;
        ╵                    [32m~~~~~~~~~~~~~~~~~~~~~~~~~~~~~~~~~~~~~~~~~~~~~~~~~~[0m


[31mX [41;31m[[41;97mERROR[41;31m][0m [1mTS2571: Object is of type 'unknown'.[0m [1m[35m[plugin angular-compiler][0m

    src/app/features/calendar/calendar.ts:45:4:
[37m      45 │     [32mthis.calendarService[37m.getWorkouts(monthStr).subscribe(workouts ...
         ╵     [32m~~~~~~~~~~~~~~~~~~~~[0m


[31mX [41;31m[[41;97mERROR[41;31m][0m [1mTS7006: Parameter 'workouts' implicitly has an 'any' type.[0m [1m[35m[plugin angular-compiler][0m

    src/app/features/calendar/calendar.ts:45:57:
[37m      45 │ ...this.calendarService.getWorkouts(monthStr).subscribe([32mworkouts[37m => {
         ╵                                                         [32m~~~~~~~~[0m


[31mX [41;31m[[41;97mERROR[41;31m][0m [1mTS2571: Object is of type 'unknown'.[0m [1m[35m[plugin angular-compiler][0m

    src/app/features/calendar/calendar.ts:52:4:
[37m      52 │     [32mthis.templateService[37m.getTemplates().subscribe(temps => {
         ╵     [32m~~~~~~~~~~~~~~~~~~~~[0m


[31mX [41;31m[[41;97mERROR[41;31m][0m [1mTS7006: Parameter 'temps' implicitly has an 'any' type.[0m [1m[35m[plugin angular-compiler][0m

    src/app/features/calendar/calendar.ts:52:50:
[37m      52 │     this.templateService.getTemplates().subscribe([32mtemps[37m => {
         ╵                                                   [32m~~~~~[0m


[31mX [41;31m[[41;97mERROR[41;31m][0m [1mTS2571: Object is of type 'unknown'.[0m [1m[35m[plugin angular-compiler][0m

    src/app/features/calendar/calendar.ts:108:6:
[37m      108 │       [32mthis.calendarService[37m.scheduleWorkout(workoutReq).subscribe({
          ╵       [32m~~~~~~~~~~~~~~~~~~~~[0m


[31mX [41;31m[[41;97mERROR[41;31m][0m [1mTS7006: Parameter 'res' implicitly has an 'any' type.[0m [1m[35m[plugin angular-compiler][0m

    src/app/features/calendar/calendar.ts:109:15:
[37m      109 │         next: ([32mres[37m) => {
          ╵                [32m~~~[0m


[31mX [41;31m[[41;97mERROR[41;31m][0m [1mTS2307: Cannot find module '../../../../core/services/mock/template-mock.service' or its corresponding type declarations.[0m [1m[35m[plugin angular-compiler][0m

    src/app/features/training/create-template/create-template.ts:4:36:
[37m      4 │ ...vice } from [32m'../../../../core/services/mock/template-mock.service'[37m;
        ╵                [32m~~~~~~~~~~~~~~~~~~~~~~~~~~~~~~~~~~~~~~~~~~~~~~~~~~~~~~[0m


[31mX [41;31m[[41;97mERROR[41;31m][0m [1mTS2307: Cannot find module '../../../../core/services/mock/exercise-mock.service' or its corresponding type declarations.[0m [1m[35m[plugin angular-compiler][0m

    src/app/features/training/create-template/create-template.ts:5:36:
[37m      5 │ ...vice } from [32m'../../../../core/services/mock/exercise-mock.service'[37m;
        ╵                [32m~~~~~~~~~~~~~~~~~~~~~~~~~~~~~~~~~~~~~~~~~~~~~~~~~~~~~~[0m


[31mX [41;31m[[41;97mERROR[41;31m][0m [1mTS2307: Cannot find module '../../../../core/models/exercise.interface' or its corresponding type declarations.[0m [1m[35m[plugin angular-compiler][0m

    src/app/features/training/create-template/create-template.ts:6:25:
[37m      6 │ import { Exercise } from [32m'../../../../core/models/exercise.interface'[37m;
        ╵                          [32m~~~~~~~~~~~~~~~~~~~~~~~~~~~~~~~~~~~~~~~~~~~~[0m


[31mX [41;31m[[41;97mERROR[41;31m][0m [1mTS2571: Object is of type 'unknown'.[0m [1m[35m[plugin angular-compiler][0m

    src/app/features/training/create-template/create-template.ts:31:4:
[37m      31 │     [32mthis.exerciseService[37m.getExercises().subscribe(exs => {
         ╵     [32m~~~~~~~~~~~~~~~~~~~~[0m


[31mX [41;31m[[41;97mERROR[41;31m][0m [1mTS7006: Parameter 'exs' implicitly has an 'any' type.[0m [1m[35m[plugin angular-compiler][0m

    src/app/features/training/create-template/create-template.ts:31:50:
[37m      31 │     this.exerciseService.getExercises().subscribe([32mexs[37m => {
         ╵                                                   [32m~~~[0m


[31mX [41;31m[[41;97mERROR[41;31m][0m [1mTS2571: Object is of type 'unknown'.[0m [1m[35m[plugin angular-compiler][0m

    src/app/features/training/create-template/create-template.ts:64:6:
[37m      64 │       [32mthis.templateService[37m.createTemplate(newTemplate).subscribe({
         ╵       [32m~~~~~~~~~~~~~~~~~~~~[0m


[31mX [41;31m[[41;97mERROR[41;31m][0m [1mTS2307: Cannot find module '../../../../core/services/mock/template-mock.service' or its corresponding type declarations.[0m [1m[35m[plugin angular-compiler][0m

    src/app/features/training/template-list/template-list.ts:4:36:
[37m      4 │ ...vice } from [32m'../../../../core/services/mock/template-mock.service'[37m;
        ╵                [32m~~~~~~~~~~~~~~~~~~~~~~~~~~~~~~~~~~~~~~~~~~~~~~~~~~~~~~[0m


[31mX [41;31m[[41;97mERROR[41;31m][0m [1mTS2307: Cannot find module '../../../../core/models/training-template.interface' or its corresponding type declarations.[0m [1m[35m[plugin angular-compiler][0m

    src/app/features/training/template-list/template-list.ts:5:33:
[37m      5 │ ...plate } from [32m'../../../../core/models/training-template.interface'[37m;
        ╵                 [32m~~~~~~~~~~~~~~~~~~~~~~~~~~~~~~~~~~~~~~~~~~~~~~~~~~~~~[0m


[31mX [41;31m[[41;97mERROR[41;31m][0m [1mTS2571: Object is of type 'unknown'.[0m [1m[35m[plugin angular-compiler][0m

    src/app/features/training/template-list/template-list.ts:19:22:
[37m      19 │     this.templates$ = [32mthis.templateService[37m.getTemplates();
         ╵                       [32m~~~~~~~~~~~~~~~~~~~~[0m


[31mX [41;31m[[41;97mERROR[41;31m][0m [1mTS2307: Cannot find module '../../../core/services/mock/weight-mock.service' or its corresponding type declarations.[0m [1m[35m[plugin angular-compiler][0m

    src/app/features/weight/weight.ts:3:34:
[37m      3 │ ...ckService } from [32m'../../../core/services/mock/weight-mock.service'[37m;
        ╵                     [32m~~~~~~~~~~~~~~~~~~~~~~~~~~~~~~~~~~~~~~~~~~~~~~~~~[0m


[31mX [41;31m[[41;97mERROR[41;31m][0m [1mTS2307: Cannot find module '../../../core/models/weight-log.interface' or its corresponding type declarations.[0m [1m[35m[plugin angular-compiler][0m

    src/app/features/weight/weight.ts:4:26:
[37m      4 │ import { WeightLog } from [32m'../../../core/models/weight-log.interface'[37m;
        ╵                           [32m~~~~~~~~~~~~~~~~~~~~~~~~~~~~~~~~~~~~~~~~~~~[0m


[31mX [41;31m[[41;97mERROR[41;31m][0m [1mTS2571: Object is of type 'unknown'.[0m [1m[35m[plugin angular-compiler][0m

    src/app/features/weight/weight.ts:40:4:
[37m      40 │     [32mthis.weightService[37m.getLogs().subscribe(logs => {
         ╵     [32m~~~~~~~~~~~~~~~~~~[0m


[31mX [41;31m[[41;97mERROR[41;31m][0m [1mTS7006: Parameter 'logs' implicitly has an 'any' type.[0m [1m[35m[plugin angular-compiler][0m

    src/app/features/weight/weight.ts:40:43:
[37m      40 │     this.weightService.getLogs().subscribe([32mlogs[37m => {
         ╵                                            [32m~~~~[0m


[31mX [41;31m[[41;97mERROR[41;31m][0m [1mTS7006: Parameter 'a' implicitly has an 'any' type.[0m [1m[35m[plugin angular-compiler][0m

    src/app/features/weight/weight.ts:41:29:
[37m      41 │       this.logs = logs.sort(([32ma[37m, b) => new Date(a.loggedDate).getTi...
         ╵                              [32m^[0m


[31mX [41;31m[[41;97mERROR[41;31m][0m [1mTS7006: Parameter 'b' implicitly has an 'any' type.[0m [1m[35m[plugin angular-compiler][0m

    src/app/features/weight/weight.ts:41:32:
[37m      41 │       this.logs = logs.sort((a, [32mb[37m) => new Date(a.loggedDate).getTi...
         ╵                                 [32m^[0m


[31mX [41;31m[[41;97mERROR[41;31m][0m [1mTS2571: Object is of type 'unknown'.[0m [1m[35m[plugin angular-compiler][0m

    src/app/features/weight/weight.ts:107:6:
[37m      107 │       [32mthis.weightService[37m.addLog(newLog).subscribe({
          ╵       [32m~~~~~~~~~~~~~~~~~~[0m


[31mX [41;31m[[41;97mERROR[41;31m][0m [1mTS7006: Parameter 'log' implicitly has an 'any' type.[0m [1m[35m[plugin angular-compiler][0m

    src/app/features/weight/weight.ts:108:15:
[37m      108 │         next: ([32mlog[37m) => {
          ╵                [32m~~~[0m


[31mX [41;31m[[41;97mERROR[41;31m][0m [1mCould not resolve "../../../core/services/mock/calendar-mock.service"[0m

    src/app/features/calendar/calendar.ts:4:36:
[37m      4 │ ...Service } from [32m'../../../core/services/mock/calendar-mock.service'[37m;
        ╵                   [32m~~~~~~~~~~~~~~~~~~~~~~~~~~~~~~~~~~~~~~~~~~~~~~~~~~~[0m


[31mX [41;31m[[41;97mERROR[41;31m][0m [1mCould not resolve "../../../core/services/mock/template-mock.service"[0m

    src/app/features/calendar/calendar.ts:5:36:
[37m      5 │ ...Service } from [32m'../../../core/services/mock/template-mock.service'[37m;
        ╵                   [32m~~~~~~~~~~~~~~~~~~~~~~~~~~~~~~~~~~~~~~~~~~~~~~~~~~~[0m


[31mX [41;31m[[41;97mERROR[41;31m][0m [1mCould not resolve "../../../../core/services/mock/template-mock.service"[0m

    src/app/features/training/create-template/create-template.ts:4:36:
[37m      4 │ ...vice } from [32m'../../../../core/services/mock/template-mock.service'[37m;
        ╵                [32m~~~~~~~~~~~~~~~~~~~~~~~~~~~~~~~~~~~~~~~~~~~~~~~~~~~~~~[0m


[31mX [41;31m[[41;97mERROR[41;31m][0m [1mCould not resolve "../../../../core/services/mock/exercise-mock.service"[0m

    src/app/features/training/create-template/create-template.ts:5:36:
[37m      5 │ ...vice } from [32m'../../../../core/services/mock/exercise-mock.service'[37m;
        ╵                [32m~~~~~~~~~~~~~~~~~~~~~~~~~~~~~~~~~~~~~~~~~~~~~~~~~~~~~~[0m


[31mX [41;31m[[41;97mERROR[41;31m][0m [1mCould not resolve "../../../../core/services/mock/template-mock.service"[0m

    src/app/features/training/template-list/template-list.ts:4:36:
[37m      4 │ ...vice } from [32m'../../../../core/services/mock/template-mock.service'[37m;
        ╵                [32m~~~~~~~~~~~~~~~~~~~~~~~~~~~~~~~~~~~~~~~~~~~~~~~~~~~~~~[0m


[31mX [41;31m[[41;97mERROR[41;31m][0m [1mCould not resolve "../../../core/services/mock/weight-mock.service"[0m

    src/app/features/weight/weight.ts:3:34:
[37m      3 │ ...ckService } from [32m'../../../core/services/mock/weight-mock.service'[37m;
        ╵                     [32m~~~~~~~~~~~~~~~~~~~~~~~~~~~~~~~~~~~~~~~~~~~~~~~~~[0m

[39m[22m
[33m❯[39m Changes detected. Rebuilding...
[32m✔[39m Changes detected. Rebuilding...
Application bundle generation failed. [0.534 seconds] - 2026-03-08T18:21:36.822Z

[1m[31m[31mX [41;31m[[41;97mERROR[41;31m][0m [1mTS2307: Cannot find module '../../core/services/mock/template-mock.service' or its corresponding type declarations.[0m [1m[35m[plugin angular-compiler][0m

    src/app/features/training/create-template/create-template.ts:4:36:
[37m      4 │ ...ockService } from [32m'../../core/services/mock/template-mock.service'[37m;
        ╵                      [32m~~~~~~~~~~~~~~~~~~~~~~~~~~~~~~~~~~~~~~~~~~~~~~~~[0m


[31mX [41;31m[[41;97mERROR[41;31m][0m [1mTS2307: Cannot find module '../../core/services/mock/exercise-mock.service' or its corresponding type declarations.[0m [1m[35m[plugin angular-compiler][0m

    src/app/features/training/create-template/create-template.ts:5:36:
[37m      5 │ ...ockService } from [32m'../../core/services/mock/exercise-mock.service'[37m;
        ╵                      [32m~~~~~~~~~~~~~~~~~~~~~~~~~~~~~~~~~~~~~~~~~~~~~~~~[0m


[31mX [41;31m[[41;97mERROR[41;31m][0m [1mTS2307: Cannot find module '../../core/models/exercise.interface' or its corresponding type declarations.[0m [1m[35m[plugin angular-compiler][0m

    src/app/features/training/create-template/create-template.ts:6:25:
[37m      6 │ import { Exercise } from [32m'../../core/models/exercise.interface'[37m;
        ╵                          [32m~~~~~~~~~~~~~~~~~~~~~~~~~~~~~~~~~~~~~~[0m


[31mX [41;31m[[41;97mERROR[41;31m][0m [1mTS2571: Object is of type 'unknown'.[0m [1m[35m[plugin angular-compiler][0m

    src/app/features/training/create-template/create-template.ts:31:4:
[37m      31 │     [32mthis.exerciseService[37m.getExercises().subscribe((exs: any) => {
         ╵     [32m~~~~~~~~~~~~~~~~~~~~[0m


[31mX [41;31m[[41;97mERROR[41;31m][0m [1mTS2571: Object is of type 'unknown'.[0m [1m[35m[plugin angular-compiler][0m

    src/app/features/training/create-template/create-template.ts:64:6:
[37m      64 │       [32mthis.templateService[37m.createTemplate(newTemplate).subscribe({
         ╵       [32m~~~~~~~~~~~~~~~~~~~~[0m


[31mX [41;31m[[41;97mERROR[41;31m][0m [1mTS2307: Cannot find module '../../core/services/mock/template-mock.service' or its corresponding type declarations.[0m [1m[35m[plugin angular-compiler][0m

    src/app/features/training/template-list/template-list.ts:4:36:
[37m      4 │ ...ockService } from [32m'../../core/services/mock/template-mock.service'[37m;
        ╵                      [32m~~~~~~~~~~~~~~~~~~~~~~~~~~~~~~~~~~~~~~~~~~~~~~~~[0m


[31mX [41;31m[[41;97mERROR[41;31m][0m [1mTS2307: Cannot find module '../../core/models/training-template.interface' or its corresponding type declarations.[0m [1m[35m[plugin angular-compiler][0m

    src/app/features/training/template-list/template-list.ts:5:33:
[37m      5 │ ...ingTemplate } from [32m'../../core/models/training-template.interface'[37m;
        ╵                       [32m~~~~~~~~~~~~~~~~~~~~~~~~~~~~~~~~~~~~~~~~~~~~~~~[0m


[31mX [41;31m[[41;97mERROR[41;31m][0m [1mTS2571: Object is of type 'unknown'.[0m [1m[35m[plugin angular-compiler][0m

    src/app/features/training/template-list/template-list.ts:19:22:
[37m      19 │     this.templates$ = [32mthis.templateService[37m.getTemplates();
         ╵                       [32m~~~~~~~~~~~~~~~~~~~~[0m


[31mX [41;31m[[41;97mERROR[41;31m][0m [1mCould not resolve "../../core/services/mock/template-mock.service"[0m

    src/app/features/training/create-template/create-template.ts:4:36:
[37m      4 │ ...ockService } from [32m'../../core/services/mock/template-mock.service'[37m;
        ╵                      [32m~~~~~~~~~~~~~~~~~~~~~~~~~~~~~~~~~~~~~~~~~~~~~~~~[0m


[31mX [41;31m[[41;97mERROR[41;31m][0m [1mCould not resolve "../../core/services/mock/exercise-mock.service"[0m

    src/app/features/training/create-template/create-template.ts:5:36:
[37m      5 │ ...ockService } from [32m'../../core/services/mock/exercise-mock.service'[37m;
        ╵                      [32m~~~~~~~~~~~~~~~~~~~~~~~~~~~~~~~~~~~~~~~~~~~~~~~~[0m


[31mX [41;31m[[41;97mERROR[41;31m][0m [1mCould not resolve "../../core/services/mock/template-mock.service"[0m

    src/app/features/training/template-list/template-list.ts:4:36:
[37m      4 │ ...ockService } from [32m'../../core/services/mock/template-mock.service'[37m;
        ╵                      [32m~~~~~~~~~~~~~~~~~~~~~~~~~~~~~~~~~~~~~~~~~~~~~~~~[0m

[39m[22m
[33m❯[39m Changes detected. Rebuilding...
[32m✔[39m Changes detected. Rebuilding...
Application bundle generation failed. [0.425 seconds] - 2026-03-08T18:22:39.373Z

[1m[31m[31mX [41;31m[[41;97mERROR[41;31m][0m [1mTS2307: Cannot find module '../../core/services/mock/template-mock.service' or its corresponding type declarations.[0m [1m[35m[plugin angular-compiler][0m

    src/app/features/training/template-list/template-list.ts:4:36:
[37m      4 │ ...ockService } from [32m'../../core/services/mock/template-mock.service'[37m;
        ╵                      [32m~~~~~~~~~~~~~~~~~~~~~~~~~~~~~~~~~~~~~~~~~~~~~~~~[0m


[31mX [41;31m[[41;97mERROR[41;31m][0m [1mTS2307: Cannot find module '../../core/models/training-template.interface' or its corresponding type declarations.[0m [1m[35m[plugin angular-compiler][0m

    src/app/features/training/template-list/template-list.ts:5:33:
[37m      5 │ ...ingTemplate } from [32m'../../core/models/training-template.interface'[37m;
        ╵                       [32m~~~~~~~~~~~~~~~~~~~~~~~~~~~~~~~~~~~~~~~~~~~~~~~[0m


[31mX [41;31m[[41;97mERROR[41;31m][0m [1mTS2571: Object is of type 'unknown'.[0m [1m[35m[plugin angular-compiler][0m

    src/app/features/training/template-list/template-list.ts:19:22:
[37m      19 │     this.templates$ = [32mthis.templateService[37m.getTemplates();
         ╵                       [32m~~~~~~~~~~~~~~~~~~~~[0m


[31mX [41;31m[[41;97mERROR[41;31m][0m [1mCould not resolve "../../core/services/mock/template-mock.service"[0m

    src/app/features/training/template-list/template-list.ts:4:36:
[37m      4 │ ...ockService } from [32m'../../core/services/mock/template-mock.service'[37m;
        ╵                      [32m~~~~~~~~~~~~~~~~~~~~~~~~~~~~~~~~~~~~~~~~~~~~~~~~[0m

[39m[22m
[33m❯[39m Changes detected. Rebuilding...
[32m✔[39m Changes detected. Rebuilding...
[1mInitial chunk files[22m[2m | [22m[1mNames[22m          [2m | [22m [1mRaw size[22m
[32mmain.js[39m            [2m | [22m[2mmain[22m           [2m | [22m [36m50.24 kB[39m[2m | [22m
[32mstyles.css[39m         [2m | [22m[2mstyles[22m         [2m | [22m [36m21.61 kB[39m[2m | [22m

[1m [22m                  [2m | [22m[1mInitial total[22m  [2m | [22m [1m71.85 kB[22m

[1mLazy chunk files[22m   [2m | [22m[1mNames[22m          [2m | [22m [1mRaw size[22m
[32mchunk-4JX7LOCT.js[39m  [2m | [22m[2mcalendar[22m       [2m | [22m [36m26.29 kB[39m[2m | [22m
[32mchunk-TBT3RTE5.js[39m  [2m | [22m[2mcreate-template[22m[2m | [22m [36m21.24 kB[39m[2m | [22m
[32mchunk-LPMOUT6Y.js[39m  [2m | [22m[2mweight[22m         [2m | [22m [36m14.46 kB[39m[2m | [22m
[32mchunk-IJLGEDQI.js[39m  [2m | [22m[2mtemplate-list[22m  [2m | [22m [36m12.19 kB[39m[2m | [22m
[32mchunk-YPXCZ7TA.js[39m  [2m | [22m[2mregister[22m       [2m | [22m [36m12.04 kB[39m[2m | [22m
[32mchunk-JYNLYBM5.js[39m  [2m | [22m[2mshell[22m          [2m | [22m [36m11.94 kB[39m[2m | [22m
[32mchunk-GFZ3PQBM.js[39m  [2m | [22m[2mlogin[22m          [2m | [22m  [36m9.68 kB[39m[2m | [22m
[32mchunk-PNWWGKVC.js[39m  [2m | [22m[2m-[22m              [2m | [22m  [36m1.19 kB[39m[2m | [22m
[32mchunk-PL7ZQ55M.js[39m  [2m | [22m[2m-[22m              [2m | [22m  [36m1.11 kB[39m[2m | [22m
[32mchunk-ZDJ3GTZ7.js[39m  [2m | [22m[2m-[22m              [2m | [22m[36m187 bytes[39m[2m | [22m

Application bundle generation complete. [0.307 seconds] - 2026-03-08T18:22:41.268Z

NOTE: Raw file sizes do not reflect development server per-request transformations.
[1m[31mAn unhandled exception occurred: Port 4200 is already in use
See "C:\Users\adric\AppData\Local\Temp\ng-d7HGRa\angular-errors.log" for further details.[39m[22m
